Connecting to database specified by database.yml
Connecting to database specified by database.yml
  [1m[36m (0.2ms)[0m  [1mselect sqlite_version(*)[0m
  [1m[35m (2.3ms)[0m  CREATE TABLE "schema_migrations" ("version" varchar(255) NOT NULL) 
  [1m[36m (0.1ms)[0m  [1mPRAGMA index_list("schema_migrations")[0m
  [1m[35m (2.0ms)[0m  CREATE UNIQUE INDEX "unique_schema_migrations" ON "schema_migrations" ("version")
  [1m[36m (0.1ms)[0m  [1mSELECT "schema_migrations"."version" FROM "schema_migrations" [0m
Migrating to CreateAuthTokens (20120926040820)
  [1m[35m (0.1ms)[0m  begin transaction
  [1m[36m (0.5ms)[0m  [1mCREATE TABLE "auth_tokens" ("id" INTEGER PRIMARY KEY AUTOINCREMENT NOT NULL, "fbId" varchar(255), "token" varchar(255), "created_at" datetime NOT NULL, "updated_at" datetime NOT NULL) [0m
  [1m[35m (0.2ms)[0m  INSERT INTO "schema_migrations" ("version") VALUES ('20120926040820')
  [1m[36m (1.5ms)[0m  [1mcommit transaction[0m
  [1m[35m (0.4ms)[0m  select sqlite_version(*)
  [1m[36m (0.1ms)[0m  [1mSELECT "schema_migrations"."version" FROM "schema_migrations" [0m
  [1m[35m (0.0ms)[0m  PRAGMA index_list("auth_tokens")


Started GET "/assets/rails.png" for 127.0.0.1 at 2012-09-26 00:14:20 -0400
Connecting to database specified by database.yml
Served asset /rails.png - 200 OK (10ms)


Started GET "/authtokens" for 127.0.0.1 at 2012-09-26 00:14:30 -0400

ActionController::RoutingError (No route matches [GET] "/authtokens"):
  actionpack (3.2.8) lib/action_dispatch/middleware/debug_exceptions.rb:21:in `call'
  actionpack (3.2.8) lib/action_dispatch/middleware/show_exceptions.rb:56:in `call'
  railties (3.2.8) lib/rails/rack/logger.rb:26:in `call_app'
  railties (3.2.8) lib/rails/rack/logger.rb:16:in `call'
  actionpack (3.2.8) lib/action_dispatch/middleware/request_id.rb:22:in `call'
  rack (1.4.1) lib/rack/methodoverride.rb:21:in `call'
  rack (1.4.1) lib/rack/runtime.rb:17:in `call'
  activesupport (3.2.8) lib/active_support/cache/strategy/local_cache.rb:72:in `call'
  rack (1.4.1) lib/rack/lock.rb:15:in `call'
  actionpack (3.2.8) lib/action_dispatch/middleware/static.rb:62:in `call'
  railties (3.2.8) lib/rails/engine.rb:479:in `call'
  railties (3.2.8) lib/rails/application.rb:223:in `call'
  rack (1.4.1) lib/rack/content_length.rb:14:in `call'
  railties (3.2.8) lib/rails/rack/log_tailer.rb:17:in `call'
  rack (1.4.1) lib/rack/handler/webrick.rb:59:in `service'
  /Users/kasran15/.rvm/rubies/ruby-1.9.3-p194/lib/ruby/1.9.1/webrick/httpserver.rb:138:in `service'
  /Users/kasran15/.rvm/rubies/ruby-1.9.3-p194/lib/ruby/1.9.1/webrick/httpserver.rb:94:in `run'
  /Users/kasran15/.rvm/rubies/ruby-1.9.3-p194/lib/ruby/1.9.1/webrick/server.rb:191:in `block in start_thread'


  Rendered /Users/kasran15/.rvm/gems/ruby-1.9.3-p194@railstutorial/gems/actionpack-3.2.8/lib/action_dispatch/middleware/templates/rescues/routing_error.erb within rescues/layout (4.8ms)


Started GET "/AuthToken" for 127.0.0.1 at 2012-09-26 00:14:35 -0400

ActionController::RoutingError (No route matches [GET] "/AuthToken"):
  actionpack (3.2.8) lib/action_dispatch/middleware/debug_exceptions.rb:21:in `call'
  actionpack (3.2.8) lib/action_dispatch/middleware/show_exceptions.rb:56:in `call'
  railties (3.2.8) lib/rails/rack/logger.rb:26:in `call_app'
  railties (3.2.8) lib/rails/rack/logger.rb:16:in `call'
  actionpack (3.2.8) lib/action_dispatch/middleware/request_id.rb:22:in `call'
  rack (1.4.1) lib/rack/methodoverride.rb:21:in `call'
  rack (1.4.1) lib/rack/runtime.rb:17:in `call'
  activesupport (3.2.8) lib/active_support/cache/strategy/local_cache.rb:72:in `call'
  rack (1.4.1) lib/rack/lock.rb:15:in `call'
  actionpack (3.2.8) lib/action_dispatch/middleware/static.rb:62:in `call'
  railties (3.2.8) lib/rails/engine.rb:479:in `call'
  railties (3.2.8) lib/rails/application.rb:223:in `call'
  rack (1.4.1) lib/rack/content_length.rb:14:in `call'
  railties (3.2.8) lib/rails/rack/log_tailer.rb:17:in `call'
  rack (1.4.1) lib/rack/handler/webrick.rb:59:in `service'
  /Users/kasran15/.rvm/rubies/ruby-1.9.3-p194/lib/ruby/1.9.1/webrick/httpserver.rb:138:in `service'
  /Users/kasran15/.rvm/rubies/ruby-1.9.3-p194/lib/ruby/1.9.1/webrick/httpserver.rb:94:in `run'
  /Users/kasran15/.rvm/rubies/ruby-1.9.3-p194/lib/ruby/1.9.1/webrick/server.rb:191:in `block in start_thread'


  Rendered /Users/kasran15/.rvm/gems/ruby-1.9.3-p194@railstutorial/gems/actionpack-3.2.8/lib/action_dispatch/middleware/templates/rescues/routing_error.erb within rescues/layout (1.1ms)


Started GET "/authTokens" for 127.0.0.1 at 2012-09-26 00:14:48 -0400

ActionController::RoutingError (No route matches [GET] "/authTokens"):
  actionpack (3.2.8) lib/action_dispatch/middleware/debug_exceptions.rb:21:in `call'
  actionpack (3.2.8) lib/action_dispatch/middleware/show_exceptions.rb:56:in `call'
  railties (3.2.8) lib/rails/rack/logger.rb:26:in `call_app'
  railties (3.2.8) lib/rails/rack/logger.rb:16:in `call'
  actionpack (3.2.8) lib/action_dispatch/middleware/request_id.rb:22:in `call'
  rack (1.4.1) lib/rack/methodoverride.rb:21:in `call'
  rack (1.4.1) lib/rack/runtime.rb:17:in `call'
  activesupport (3.2.8) lib/active_support/cache/strategy/local_cache.rb:72:in `call'
  rack (1.4.1) lib/rack/lock.rb:15:in `call'
  actionpack (3.2.8) lib/action_dispatch/middleware/static.rb:62:in `call'
  railties (3.2.8) lib/rails/engine.rb:479:in `call'
  railties (3.2.8) lib/rails/application.rb:223:in `call'
  rack (1.4.1) lib/rack/content_length.rb:14:in `call'
  railties (3.2.8) lib/rails/rack/log_tailer.rb:17:in `call'
  rack (1.4.1) lib/rack/handler/webrick.rb:59:in `service'
  /Users/kasran15/.rvm/rubies/ruby-1.9.3-p194/lib/ruby/1.9.1/webrick/httpserver.rb:138:in `service'
  /Users/kasran15/.rvm/rubies/ruby-1.9.3-p194/lib/ruby/1.9.1/webrick/httpserver.rb:94:in `run'
  /Users/kasran15/.rvm/rubies/ruby-1.9.3-p194/lib/ruby/1.9.1/webrick/server.rb:191:in `block in start_thread'


  Rendered /Users/kasran15/.rvm/gems/ruby-1.9.3-p194@railstutorial/gems/actionpack-3.2.8/lib/action_dispatch/middleware/templates/rescues/routing_error.erb within rescues/layout (1.1ms)


Started GET "/auth_tokens" for 127.0.0.1 at 2012-09-26 00:15:41 -0400
Connecting to database specified by database.yml
Processing by AuthTokensController#index as HTML
  [1m[36mAuthToken Load (0.1ms)[0m  [1mSELECT "auth_tokens".* FROM "auth_tokens" [0m
  Rendered auth_tokens/index.html.erb within layouts/application (5.2ms)
Compiled auth_tokens.css  (38ms)  (pid 3991)
Compiled scaffolds.css  (30ms)  (pid 3991)
Compiled application.css  (138ms)  (pid 3991)
Compiled jquery.js  (3ms)  (pid 3991)
Compiled jquery_ujs.js  (0ms)  (pid 3991)
Compiled auth_tokens.js  (348ms)  (pid 3991)
Compiled application.js  (536ms)  (pid 3991)
Completed 200 OK in 942ms (Views: 856.2ms | ActiveRecord: 3.7ms)


Started GET "/assets/auth_tokens.css?body=1" for 127.0.0.1 at 2012-09-26 00:15:43 -0400
Served asset /auth_tokens.css - 200 OK (3ms)


Started GET "/assets/application.js?body=1" for 127.0.0.1 at 2012-09-26 00:15:43 -0400
Served asset /application.js - 200 OK (21ms)


Started GET "/assets/scaffolds.css?body=1" for 127.0.0.1 at 2012-09-26 00:15:43 -0400
Served asset /scaffolds.css - 200 OK (2ms)


Started GET "/assets/jquery_ujs.js?body=1" for 127.0.0.1 at 2012-09-26 00:15:43 -0400
Served asset /jquery_ujs.js - 200 OK (5ms)


Started GET "/assets/jquery.js?body=1" for 127.0.0.1 at 2012-09-26 00:15:43 -0400
Served asset /jquery.js - 200 OK (4ms)


Started GET "/assets/application.css?body=1" for 127.0.0.1 at 2012-09-26 00:15:43 -0400
Served asset /application.css - 200 OK (18ms)


Started GET "/assets/auth_tokens.js?body=1" for 127.0.0.1 at 2012-09-26 00:15:43 -0400
Served asset /auth_tokens.js - 200 OK (2ms)


Started GET "/auth_tokens/new" for 127.0.0.1 at 2012-09-26 00:15:48 -0400
Processing by AuthTokensController#new as HTML
  Rendered auth_tokens/_form.html.erb (75.7ms)
  Rendered auth_tokens/new.html.erb within layouts/application (170.3ms)
Completed 200 OK in 189ms (Views: 179.2ms | ActiveRecord: 0.0ms)


Started POST "/auth_tokens" for 127.0.0.1 at 2012-09-26 00:16:04 -0400
Processing by AuthTokensController#create as HTML
  Parameters: {"utf8"=>"✓", "authenticity_token"=>"DV+Q1qMUg267e3Ka/2DOVAw9SImADhHajmoaxk7nYZQ=", "auth_token"=>{"fbId"=>"kasturi.parthasarathy", "token"=>"asdlkfj1lkj2305uasdlkfj"}, "commit"=>"Create Auth token"}
  [1m[35m (0.2ms)[0m  begin transaction
  [1m[36mSQL (35.1ms)[0m  [1mINSERT INTO "auth_tokens" ("created_at", "fbId", "token", "updated_at") VALUES (?, ?, ?, ?)[0m  [["created_at", Wed, 26 Sep 2012 04:16:04 UTC +00:00], ["fbId", "kasturi.parthasarathy"], ["token", "asdlkfj1lkj2305uasdlkfj"], ["updated_at", Wed, 26 Sep 2012 04:16:04 UTC +00:00]]
  [1m[35m (1.3ms)[0m  commit transaction
Redirected to http://localhost:3000/auth_tokens/1
Completed 302 Found in 44ms (ActiveRecord: 36.6ms)


Started GET "/auth_tokens/1" for 127.0.0.1 at 2012-09-26 00:16:04 -0400
Processing by AuthTokensController#show as HTML
  Parameters: {"id"=>"1"}
  [1m[36mAuthToken Load (0.4ms)[0m  [1mSELECT "auth_tokens".* FROM "auth_tokens" WHERE "auth_tokens"."id" = ? LIMIT 1[0m  [["id", "1"]]
  Rendered auth_tokens/show.html.erb within layouts/application (2.3ms)
Completed 200 OK in 16ms (Views: 11.7ms | ActiveRecord: 0.4ms)


Started GET "/auth_tokens" for 127.0.0.1 at 2012-09-26 00:16:11 -0400
Processing by AuthTokensController#index as HTML
  [1m[35mAuthToken Load (0.3ms)[0m  SELECT "auth_tokens".* FROM "auth_tokens" 
  Rendered auth_tokens/index.html.erb within layouts/application (2.0ms)
Completed 200 OK in 12ms (Views: 10.5ms | ActiveRecord: 0.3ms)
Connecting to database specified by database.yml


Started GET "/crushes" for 127.0.0.1 at 2012-09-26 19:10:20 -0400
Connecting to database specified by database.yml
Processing by CrushesController#index as HTML
Completed 500 Internal Server Error in 55ms

ActiveRecord::StatementInvalid (Could not find table 'crushes'):
  app/controllers/crushes_controller.rb:5:in `index'


  Rendered /Users/kasran15/.rvm/gems/ruby-1.9.3-p194@railstutorial/gems/actionpack-3.2.8/lib/action_dispatch/middleware/templates/rescues/_trace.erb (2.9ms)
  Rendered /Users/kasran15/.rvm/gems/ruby-1.9.3-p194@railstutorial/gems/actionpack-3.2.8/lib/action_dispatch/middleware/templates/rescues/_request_and_response.erb (1.9ms)
  Rendered /Users/kasran15/.rvm/gems/ruby-1.9.3-p194@railstutorial/gems/actionpack-3.2.8/lib/action_dispatch/middleware/templates/rescues/diagnostics.erb within rescues/layout (23.4ms)


Started GET "/crushes" for 127.0.0.1 at 2012-09-26 19:10:36 -0400
Processing by CrushesController#index as HTML
Completed 500 Internal Server Error in 1ms

ActiveRecord::StatementInvalid (Could not find table 'crushes'):
  app/controllers/crushes_controller.rb:5:in `index'


  Rendered /Users/kasran15/.rvm/gems/ruby-1.9.3-p194@railstutorial/gems/actionpack-3.2.8/lib/action_dispatch/middleware/templates/rescues/_trace.erb (2.8ms)
  Rendered /Users/kasran15/.rvm/gems/ruby-1.9.3-p194@railstutorial/gems/actionpack-3.2.8/lib/action_dispatch/middleware/templates/rescues/_request_and_response.erb (1.9ms)
  Rendered /Users/kasran15/.rvm/gems/ruby-1.9.3-p194@railstutorial/gems/actionpack-3.2.8/lib/action_dispatch/middleware/templates/rescues/diagnostics.erb within rescues/layout (17.9ms)


Started GET "/auth_tokens" for 127.0.0.1 at 2012-09-26 19:10:52 -0400
Processing by AuthTokensController#index as HTML
  [1m[36mAuthToken Load (0.1ms)[0m  [1mSELECT "auth_tokens".* FROM "auth_tokens" [0m
  Rendered auth_tokens/index.html.erb within layouts/application (5.7ms)
Compiled crushes.css  (34ms)  (pid 4400)
Compiled application.css  (53ms)  (pid 4400)
Compiled crushes.js  (305ms)  (pid 4400)
Compiled application.js  (329ms)  (pid 4400)
Completed 200 OK in 624ms (Views: 609.1ms | ActiveRecord: 0.5ms)


Started GET "/assets/crushes.js?body=1" for 127.0.0.1 at 2012-09-26 19:10:52 -0400
Served asset /crushes.js - 200 OK (6ms)


Started GET "/assets/crushes.css?body=1" for 127.0.0.1 at 2012-09-26 19:10:53 -0400
Served asset /crushes.css - 200 OK (10ms)


Started GET "/assets/application.css?body=1" for 127.0.0.1 at 2012-09-26 19:10:53 -0400
Served asset /application.css - 304 Not Modified (7ms)


Started GET "/assets/jquery_ujs.js?body=1" for 127.0.0.1 at 2012-09-26 19:10:53 -0400
Served asset /jquery_ujs.js - 304 Not Modified (7ms)


Started GET "/assets/scaffolds.css?body=1" for 127.0.0.1 at 2012-09-26 19:10:53 -0400
Served asset /scaffolds.css - 304 Not Modified (2ms)


Started GET "/assets/jquery.js?body=1" for 127.0.0.1 at 2012-09-26 19:10:53 -0400
Served asset /jquery.js - 304 Not Modified (4ms)


Started GET "/assets/auth_tokens.css?body=1" for 127.0.0.1 at 2012-09-26 19:10:53 -0400
Served asset /auth_tokens.css - 304 Not Modified (2ms)


Started GET "/assets/auth_tokens.js?body=1" for 127.0.0.1 at 2012-09-26 19:10:53 -0400
Served asset /auth_tokens.js - 304 Not Modified (2ms)


Started GET "/assets/application.js?body=1" for 127.0.0.1 at 2012-09-26 19:10:53 -0400
Served asset /application.js - 304 Not Modified (15ms)


Started GET "/crushes" for 127.0.0.1 at 2012-09-26 19:11:05 -0400
Processing by CrushesController#index as HTML
Completed 500 Internal Server Error in 1ms

ActiveRecord::StatementInvalid (Could not find table 'crushes'):
  app/controllers/crushes_controller.rb:5:in `index'


  Rendered /Users/kasran15/.rvm/gems/ruby-1.9.3-p194@railstutorial/gems/actionpack-3.2.8/lib/action_dispatch/middleware/templates/rescues/_trace.erb (2.6ms)
  Rendered /Users/kasran15/.rvm/gems/ruby-1.9.3-p194@railstutorial/gems/actionpack-3.2.8/lib/action_dispatch/middleware/templates/rescues/_request_and_response.erb (1.8ms)
  Rendered /Users/kasran15/.rvm/gems/ruby-1.9.3-p194@railstutorial/gems/actionpack-3.2.8/lib/action_dispatch/middleware/templates/rescues/diagnostics.erb within rescues/layout (16.5ms)
Connecting to database specified by database.yml
  [1m[36m (0.1ms)[0m  [1mSELECT "schema_migrations"."version" FROM "schema_migrations" [0m
Migrating to CreateAuthTokens (20120926040820)
Migrating to CreateCrushes (20120926043623)
  [1m[35m (0.0ms)[0m  select sqlite_version(*)
  [1m[36m (0.1ms)[0m  [1mbegin transaction[0m
  [1m[35m (0.6ms)[0m  CREATE TABLE "crushes" ("id" INTEGER PRIMARY KEY AUTOINCREMENT NOT NULL, "user" varchar(255), "crush" varchar(255), "created_at" datetime NOT NULL, "updated_at" datetime NOT NULL) 
  [1m[36m (0.2ms)[0m  [1mINSERT INTO "schema_migrations" ("version") VALUES ('20120926043623')[0m
  [1m[35m (2.0ms)[0m  commit transaction
  [1m[36m (0.4ms)[0m  [1mselect sqlite_version(*)[0m
  [1m[35m (0.1ms)[0m  SELECT "schema_migrations"."version" FROM "schema_migrations" 
  [1m[36m (0.0ms)[0m  [1mPRAGMA index_list("auth_tokens")[0m
  [1m[35m (0.0ms)[0m  PRAGMA index_list("crushes")
